{"/Users/davidvanisacker/Programming/Ethereum/Proofsuite/TokenSale/contracts/ERC20.sol":{"l":{},"path":"/Users/davidvanisacker/Programming/Ethereum/Proofsuite/TokenSale/contracts/ERC20.sol","s":{},"b":{},"f":{},"fnMap":{},"statementMap":{},"branchMap":{}},"/Users/davidvanisacker/Programming/Ethereum/Proofsuite/TokenSale/contracts/Ownable.sol":{"l":{"18":2,"26":0,"27":0,"36":0,"37":0},"path":"/Users/davidvanisacker/Programming/Ethereum/Proofsuite/TokenSale/contracts/Ownable.sol","s":{"1":2,"2":0,"3":0,"4":0},"b":{"1":[0,0],"2":[0,0]},"f":{"1":2,"2":0,"3":0},"fnMap":{"1":{"name":"Ownable","line":17,"loc":{"start":{"line":17,"column":2},"end":{"line":17,"column":20}}},"2":{"name":"onlyOwner","line":25,"loc":{"start":{"line":25,"column":2},"end":{"line":25,"column":22}}},"3":{"name":"transferOwnership","line":35,"loc":{"start":{"line":35,"column":2},"end":{"line":35,"column":56}}}},"statementMap":{"1":{"start":{"line":18,"column":4},"end":{"line":18,"column":21}},"2":{"start":{"line":26,"column":4},"end":{"line":26,"column":31}},"3":{"start":{"line":36,"column":4},"end":{"line":36,"column":804}},"4":{"start":{"line":37,"column":6},"end":{"line":37,"column":21}}},"branchMap":{"1":{"line":26,"type":"if","locations":[{"start":{"line":26,"column":4},"end":{"line":26,"column":4}},{"start":{"line":26,"column":4},"end":{"line":26,"column":4}}]},"2":{"line":36,"type":"if","locations":[{"start":{"line":36,"column":4},"end":{"line":36,"column":4}},{"start":{"line":36,"column":4},"end":{"line":36,"column":4}}]}}},"/Users/davidvanisacker/Programming/Ethereum/Proofsuite/TokenSale/contracts/Pausable.sol":{"l":{"23":0,"24":0,"31":0,"32":0,"39":0,"40":0,"41":0,"48":0,"49":0,"50":0},"path":"/Users/davidvanisacker/Programming/Ethereum/Proofsuite/TokenSale/contracts/Pausable.sol","s":{"1":0,"2":0,"3":0,"4":0,"5":0,"6":0,"7":0,"8":0},"b":{"1":[0,0],"2":[0,0]},"f":{"1":0,"2":0,"3":0,"4":0,"5":0},"fnMap":{"1":{"name":"Pausable","line":17,"loc":{"start":{"line":17,"column":2},"end":{"line":17,"column":21}}},"2":{"name":"whenNotPaused","line":22,"loc":{"start":{"line":22,"column":2},"end":{"line":22,"column":26}}},"3":{"name":"whenPaused","line":30,"loc":{"start":{"line":30,"column":2},"end":{"line":30,"column":21}}},"4":{"name":"pause","line":38,"loc":{"start":{"line":38,"column":2},"end":{"line":38,"column":57}}},"5":{"name":"unpause","line":47,"loc":{"start":{"line":47,"column":2},"end":{"line":47,"column":56}}}},"statementMap":{"1":{"start":{"line":23,"column":4},"end":{"line":23,"column":19}},"2":{"start":{"line":31,"column":4},"end":{"line":31,"column":18}},"3":{"start":{"line":39,"column":4},"end":{"line":39,"column":16}},"4":{"start":{"line":40,"column":4},"end":{"line":40,"column":10}},"5":{"start":{"line":41,"column":4},"end":{"line":41,"column":15}},"6":{"start":{"line":48,"column":4},"end":{"line":48,"column":17}},"7":{"start":{"line":49,"column":4},"end":{"line":49,"column":12}},"8":{"start":{"line":50,"column":4},"end":{"line":50,"column":15}}},"branchMap":{"1":{"line":23,"type":"if","locations":[{"start":{"line":23,"column":4},"end":{"line":23,"column":4}},{"start":{"line":23,"column":4},"end":{"line":23,"column":4}}]},"2":{"line":31,"type":"if","locations":[{"start":{"line":31,"column":4},"end":{"line":31,"column":4}},{"start":{"line":31,"column":4},"end":{"line":31,"column":4}}]}}},"/Users/davidvanisacker/Programming/Ethereum/Proofsuite/TokenSale/contracts/ProofPresaleToken.sol":{"l":{"33":0,"37":0,"42":0,"43":0,"45":0,"46":0,"50":0,"52":0,"53":0,"54":0,"56":0,"57":0,"61":0,"62":0,"63":0,"67":0,"72":0,"73":0,"83":0,"84":0,"85":0,"86":0,"94":0,"95":0,"96":0},"path":"/Users/davidvanisacker/Programming/Ethereum/Proofsuite/TokenSale/contracts/ProofPresaleToken.sol","s":{"1":0,"2":0,"3":0,"4":0,"5":0,"6":0,"7":0,"8":0,"9":0,"10":0,"11":0,"12":0,"13":0,"14":0,"15":0,"16":0,"17":0,"18":0,"19":0,"20":0,"21":0,"22":0,"23":0,"24":0},"b":{"1":[0,0]},"f":{"1":1,"2":0,"3":0,"4":0,"5":0,"6":0,"7":0,"8":0,"9":0,"10":0,"11":0},"fnMap":{"1":{"name":"ProofPresaleToken","line":30,"loc":{"start":{"line":30,"column":2},"end":{"line":30,"column":30}}},"2":{"name":null,"line":32,"loc":{"start":{"line":32,"column":2},"end":{"line":32,"column":20}}},"3":{"name":"balanceOf","line":36,"loc":{"start":{"line":36,"column":2},"end":{"line":36,"column":63}}},"4":{"name":"transfer","line":40,"loc":{"start":{"line":40,"column":2},"end":{"line":40,"column":60}}},"5":{"name":"transferFrom","line":49,"loc":{"start":{"line":49,"column":2},"end":{"line":49,"column":79}}},"6":{"name":"approve","line":60,"loc":{"start":{"line":60,"column":2},"end":{"line":60,"column":64}}},"7":{"name":"allowance","line":66,"loc":{"start":{"line":66,"column":2},"end":{"line":66,"column":81}}},"8":{"name":"canMint","line":71,"loc":{"start":{"line":71,"column":2},"end":{"line":71,"column":20}}},"9":{"name":"mint","line":82,"loc":{"start":{"line":82,"column":2},"end":{"line":82,"column":78}}},"10":{"name":"finishMinting","line":93,"loc":{"start":{"line":93,"column":2},"end":{"line":93,"column":51}}},"11":{"name":"calculateShare","line":100,"loc":{"start":{"line":100,"column":2},"end":{"line":100,"column":45}}}},"statementMap":{"1":{"start":{"line":33,"column":4},"end":{"line":33,"column":11}},"2":{"start":{"line":37,"column":4},"end":{"line":37,"column":27}},"3":{"start":{"line":42,"column":4},"end":{"line":42,"column":58}},"4":{"start":{"line":43,"column":4},"end":{"line":43,"column":44}},"5":{"start":{"line":45,"column":4},"end":{"line":45,"column":36}},"6":{"start":{"line":46,"column":4},"end":{"line":46,"column":15}},"7":{"start":{"line":50,"column":4},"end":{"line":50,"column":47}},"8":{"start":{"line":52,"column":4},"end":{"line":52,"column":44}},"9":{"start":{"line":53,"column":4},"end":{"line":53,"column":48}},"10":{"start":{"line":54,"column":4},"end":{"line":54,"column":54}},"11":{"start":{"line":56,"column":4},"end":{"line":56,"column":31}},"12":{"start":{"line":57,"column":4},"end":{"line":57,"column":15}},"13":{"start":{"line":61,"column":4},"end":{"line":61,"column":41}},"14":{"start":{"line":62,"column":4},"end":{"line":62,"column":41}},"15":{"start":{"line":63,"column":4},"end":{"line":63,"column":15}},"16":{"start":{"line":67,"column":4},"end":{"line":67,"column":36}},"17":{"start":{"line":72,"column":4},"end":{"line":72,"column":28}},"18":{"start":{"line":83,"column":4},"end":{"line":83,"column":41}},"19":{"start":{"line":84,"column":4},"end":{"line":84,"column":45}},"20":{"start":{"line":85,"column":4},"end":{"line":85,"column":21}},"21":{"start":{"line":86,"column":4},"end":{"line":86,"column":15}},"22":{"start":{"line":94,"column":4},"end":{"line":94,"column":25}},"23":{"start":{"line":95,"column":4},"end":{"line":95,"column":17}},"24":{"start":{"line":96,"column":4},"end":{"line":96,"column":15}}},"branchMap":{"1":{"line":72,"type":"if","locations":[{"start":{"line":72,"column":4},"end":{"line":72,"column":4}},{"start":{"line":72,"column":4},"end":{"line":72,"column":4}}]}}},"/Users/davidvanisacker/Programming/Ethereum/Proofsuite/TokenSale/contracts/Token.sol":{"l":{"35":1,"39":0,"43":0,"48":0,"49":0,"51":0,"52":0,"56":0,"58":0,"59":0,"60":0,"62":0,"63":0,"67":0,"69":0,"70":0,"74":0,"78":0,"79":0,"81":0,"82":0,"84":0,"89":0,"90":0,"100":0,"101":0,"103":0,"104":0,"112":0,"114":0,"115":0},"path":"/Users/davidvanisacker/Programming/Ethereum/Proofsuite/TokenSale/contracts/Token.sol","s":{"1":1,"2":0,"3":0,"4":0,"5":0,"6":0,"7":0,"8":0,"9":0,"10":0,"11":0,"12":0,"13":0,"14":0,"15":0,"16":0,"17":0,"18":0,"19":0,"20":0,"21":0,"22":0,"23":0,"24":0,"25":0,"26":0,"27":0,"28":0,"29":0,"30":0},"b":{"1":[0,0],"2":[0,0],"3":[0,0]},"f":{"1":1,"2":0,"3":0,"4":0,"5":0,"6":0,"7":0,"8":0,"9":0,"10":0,"11":0},"fnMap":{"1":{"name":"Token","line":34,"loc":{"start":{"line":34,"column":2},"end":{"line":34,"column":51}}},"2":{"name":null,"line":38,"loc":{"start":{"line":38,"column":2},"end":{"line":38,"column":20}}},"3":{"name":"balanceOf","line":42,"loc":{"start":{"line":42,"column":2},"end":{"line":42,"column":63}}},"4":{"name":"transfer","line":46,"loc":{"start":{"line":46,"column":2},"end":{"line":46,"column":60}}},"5":{"name":"transferFrom","line":55,"loc":{"start":{"line":55,"column":2},"end":{"line":55,"column":79}}},"6":{"name":"approve","line":66,"loc":{"start":{"line":66,"column":2},"end":{"line":66,"column":64}}},"7":{"name":"allowance","line":73,"loc":{"start":{"line":73,"column":2},"end":{"line":73,"column":81}}},"8":{"name":"claim","line":77,"loc":{"start":{"line":77,"column":2},"end":{"line":77,"column":33}}},"9":{"name":"canMint","line":88,"loc":{"start":{"line":88,"column":2},"end":{"line":88,"column":20}}},"10":{"name":"mint","line":99,"loc":{"start":{"line":99,"column":2},"end":{"line":99,"column":78}}},"11":{"name":"finishMinting","line":111,"loc":{"start":{"line":111,"column":2},"end":{"line":111,"column":51}}}},"statementMap":{"1":{"start":{"line":35,"column":4},"end":{"line":35,"column":57}},"2":{"start":{"line":39,"column":4},"end":{"line":39,"column":11}},"3":{"start":{"line":43,"column":4},"end":{"line":43,"column":27}},"4":{"start":{"line":48,"column":4},"end":{"line":48,"column":58}},"5":{"start":{"line":49,"column":4},"end":{"line":49,"column":44}},"6":{"start":{"line":51,"column":4},"end":{"line":51,"column":36}},"7":{"start":{"line":52,"column":4},"end":{"line":52,"column":15}},"8":{"start":{"line":56,"column":4},"end":{"line":56,"column":47}},"9":{"start":{"line":58,"column":4},"end":{"line":58,"column":44}},"10":{"start":{"line":59,"column":4},"end":{"line":59,"column":48}},"11":{"start":{"line":60,"column":4},"end":{"line":60,"column":54}},"12":{"start":{"line":62,"column":4},"end":{"line":62,"column":31}},"13":{"start":{"line":63,"column":4},"end":{"line":63,"column":15}},"14":{"start":{"line":67,"column":4},"end":{"line":67,"column":41}},"15":{"start":{"line":69,"column":4},"end":{"line":69,"column":41}},"16":{"start":{"line":70,"column":4},"end":{"line":70,"column":15}},"17":{"start":{"line":74,"column":4},"end":{"line":74,"column":36}},"18":{"start":{"line":78,"column":4},"end":{"line":78,"column":50}},"19":{"start":{"line":79,"column":4},"end":{"line":79,"column":40}},"20":{"start":{"line":81,"column":4},"end":{"line":81,"column":29}},"21":{"start":{"line":82,"column":4},"end":{"line":82,"column":60}},"22":{"start":{"line":84,"column":4},"end":{"line":84,"column":15}},"23":{"start":{"line":89,"column":4},"end":{"line":89,"column":28}},"24":{"start":{"line":100,"column":4},"end":{"line":100,"column":41}},"25":{"start":{"line":101,"column":4},"end":{"line":101,"column":45}},"26":{"start":{"line":103,"column":4},"end":{"line":103,"column":21}},"27":{"start":{"line":104,"column":4},"end":{"line":104,"column":15}},"28":{"start":{"line":112,"column":4},"end":{"line":112,"column":25}},"29":{"start":{"line":114,"column":4},"end":{"line":114,"column":17}},"30":{"start":{"line":115,"column":4},"end":{"line":115,"column":15}}},"branchMap":{"1":{"line":78,"type":"if","locations":[{"start":{"line":78,"column":4},"end":{"line":78,"column":4}},{"start":{"line":78,"column":4},"end":{"line":78,"column":4}}]},"2":{"line":79,"type":"if","locations":[{"start":{"line":79,"column":4},"end":{"line":79,"column":4}},{"start":{"line":79,"column":4},"end":{"line":79,"column":4}}]},"3":{"line":89,"type":"if","locations":[{"start":{"line":89,"column":4},"end":{"line":89,"column":4}},{"start":{"line":89,"column":4},"end":{"line":89,"column":4}}]}}},"/Users/davidvanisacker/Programming/Ethereum/Proofsuite/TokenSale/contracts/SafeMath.sol":{"l":{"10":0,"11":0,"12":0,"17":0,"19":0,"23":0,"24":0,"28":0,"29":0,"30":0},"path":"/Users/davidvanisacker/Programming/Ethereum/Proofsuite/TokenSale/contracts/SafeMath.sol","s":{"1":0,"2":0,"3":0,"4":0,"5":0,"6":0,"7":0,"8":0,"9":0,"10":0},"b":{"1":[0,0],"2":[0,0],"3":[0,0]},"f":{"1":0,"2":0,"3":0,"4":0},"fnMap":{"1":{"name":"mul","line":9,"loc":{"start":{"line":9,"column":2},"end":{"line":9,"column":72}}},"2":{"name":"div","line":15,"loc":{"start":{"line":15,"column":2},"end":{"line":15,"column":72}}},"3":{"name":"sub","line":22,"loc":{"start":{"line":22,"column":2},"end":{"line":22,"column":72}}},"4":{"name":"add","line":27,"loc":{"start":{"line":27,"column":2},"end":{"line":27,"column":72}}}},"statementMap":{"1":{"start":{"line":10,"column":4},"end":{"line":10,"column":20}},"2":{"start":{"line":11,"column":4},"end":{"line":11,"column":31}},"3":{"start":{"line":12,"column":4},"end":{"line":12,"column":12}},"4":{"start":{"line":17,"column":4},"end":{"line":17,"column":20}},"5":{"start":{"line":19,"column":4},"end":{"line":19,"column":12}},"6":{"start":{"line":23,"column":4},"end":{"line":23,"column":17}},"7":{"start":{"line":24,"column":4},"end":{"line":24,"column":16}},"8":{"start":{"line":28,"column":4},"end":{"line":28,"column":20}},"9":{"start":{"line":29,"column":4},"end":{"line":29,"column":17}},"10":{"start":{"line":30,"column":4},"end":{"line":30,"column":12}}},"branchMap":{"1":{"line":11,"type":"if","locations":[{"start":{"line":11,"column":4},"end":{"line":11,"column":4}},{"start":{"line":11,"column":4},"end":{"line":11,"column":4}}]},"2":{"line":23,"type":"if","locations":[{"start":{"line":23,"column":4},"end":{"line":23,"column":4}},{"start":{"line":23,"column":4},"end":{"line":23,"column":4}}]},"3":{"line":29,"type":"if","locations":[{"start":{"line":29,"column":4},"end":{"line":29,"column":4}},{"start":{"line":29,"column":4},"end":{"line":29,"column":4}}]}}}}